<?xml version="1.0" encoding="UTF-8"?>
<!-- Generated by org.testng.reporters.JUnitReportReporter -->
<testsuite skipped="0" hostname="LAPTOP-UKH4LLN4" name="testcases.Tc006_DeleteLead" tests="1" failures="0" timestamp="06 Oct 2018 08:32:09 GMT" time="43.501" errors="0">
  <testcase name="deleteLead" time="43.501" classname="testcases.Tc006_DeleteLead"/>
</testsuite> <!-- testcases.Tc006_DeleteLead -->
