<?xml version="1.0" encoding="UTF-8"?>
<!-- Generated by org.testng.reporters.JUnitReportReporter -->
<testsuite skipped="0" hostname="LAPTOP-UKH4LLN4" name="testcases.Tc008_DuplicateLead" tests="1" failures="0" timestamp="04 Oct 2018 14:10:47 GMT" time="40.416" errors="0">
  <testcase name="duplicateLead" time="40.416" classname="testcases.Tc008_DuplicateLead"/>
</testsuite> <!-- testcases.Tc008_DuplicateLead -->
