<?xml version="1.0" encoding="UTF-8"?>
<!-- Generated by org.testng.reporters.JUnitReportReporter -->
<testsuite skipped="0" hostname="LAPTOP-UKH4LLN4" name="testcases.Tc007_MergeLead" tests="1" failures="0" timestamp="04 Oct 2018 14:09:23 GMT" time="48.168" errors="0">
  <testcase name="mergeLead" time="48.168" classname="testcases.Tc007_MergeLead"/>
</testsuite> <!-- testcases.Tc007_MergeLead -->
