<?xml version="1.0" encoding="UTF-8"?>
<!-- Generated by org.testng.reporters.JUnitReportReporter -->
<testsuite skipped="0" hostname="LAPTOP-UKH4LLN4" name="testcases.Tc002_CreateLead2" tests="2" failures="0" timestamp="09 Oct 2018 05:36:39 GMT" time="64.103" errors="0">
  <testcase name="createLead" time="41.551" classname="testcases.Tc002_CreateLead2"/>
  <testcase name="createLead" time="22.552" classname="testcases.Tc002_CreateLead2"/>
</testsuite> <!-- testcases.Tc002_CreateLead2 -->
