<?xml version="1.0" encoding="UTF-8"?>
<!-- Generated by org.testng.reporters.JUnitReportReporter -->
<testsuite skipped="0" hostname="LAPTOP-UKH4LLN4" name="testcases.Tc005_EditLead" tests="1" failures="0" timestamp="06 Oct 2018 08:36:00 GMT" time="42.425" errors="0">
  <testcase name="editLead" time="42.425" classname="testcases.Tc005_EditLead"/>
</testsuite> <!-- testcases.Tc005_EditLead -->
