<?xml version="1.0" encoding="UTF-8"?>
<!-- Generated by org.testng.reporters.JUnitReportReporter -->
<testsuite skipped="0" hostname="LAPTOP-UKH4LLN4" name="testcases.Tc001_LoginAndLogout" tests="1" failures="0" timestamp="03 Oct 2018 05:22:12 GMT" time="25.927" errors="0">
  <testcase name="login" time="25.927" classname="testcases.Tc001_LoginAndLogout"/>
</testsuite> <!-- testcases.Tc001_LoginAndLogout -->
